[debug] > Exec(compile, None, None)
[debug] Evaluating tasks: Compile / compile
[debug] Running task... Cancel: Signal, check cycles: false, forcegc: true
[info] Compiling 2 protobuf files to F:\JetBrains Projects\Java\hydra_broken_marshalling\target\scala-3.3.1\src_managed\main\scalapb
[info] compiling 8 Scala sources to F:\JetBrains Projects\Java\hydra_broken_marshalling\target\scala-3.3.1\classes ...
[error] -- [E172] Type Error: F:\JetBrains Projects\Java\hydra_broken_marshalling\src\main\scala\core\Layer.scala:46:22 
[error] 46 |          entity(as[T]) { request =>
[error]    |                      ^
[error]    |No given instance of type akka.http.scaladsl.unmarshalling.FromRequestUnmarshaller[T] was found for parameter um of method as in trait MarshallingDirectives.
[error]    |I found:
[error]    |
[error]    |    akka.http.scaladsl.unmarshalling.Unmarshaller.
[error]    |      messageUnmarshallerFromEntityUnmarshaller[T](
[error]    |      this.sprayJsonUnmarshaller[T](
[error]    |        /* missing */summon[spray.json.RootJsonReader[T]])
[error]    |    )
[error]    |
[error]    |But no implicit values were found that match type spray.json.RootJsonReader[T]
[error]    |
[error]    |where:    T is a type in class Layer with bounds <: scalapb.GeneratedMessage
[error]    |.
[error] -- [E008] Not Found Error: F:\JetBrains Projects\Java\hydra_broken_marshalling\src\main\scala\core\Layer.scala:61:16 
[error] 61 |    systemActor.ask(MessageIn(message, _))
[error]    |    ^^^^^^^^^^^^^^^
[error]    |value ask is not a member of akka.actor.typed.ActorRef[core.MessageIn[T, E]], but could be made available as an extension method.
[error]    |
[error]    |The following import might fix the problem:
[error]    |
[error]    |  import akka.actor.typed.scaladsl.AskPattern.Askable
[error]    |
[error]    |
[error]    |
[error]    |where:    E is a type in class Layer with bounds <: scalapb.GeneratedMessage
[error]    |          T is a type in class Layer with bounds <: scalapb.GeneratedMessage
[error] -- [E083] Type Error: F:\JetBrains Projects\Java\hydra_broken_marshalling\src\main\scala\core\Server.scala:15:11 
[error] 15 |    import SYSTEM.executionContext
[error]    |           ^^^^^^
[error]    |(core.Server.SYSTEM : akka.actor.typed.ActorSystem[?]) is not a valid import prefix, since it is not an immutable path
[error]    |
[error]    | longer explanation available when compiling with `-explain`
[error] three errors found
[error] (Compile / compileIncremental) Compilation failed
[error] Total time: 3 s, completed 27 Oct 2023, 10:51:38
[debug] > Exec(idea-shell, None, None)
